order_time, settle_time, hold_time, algorithm, side, profit
2018-04-03 08:00:00,2018-04-03 15:23:30,26610.0,# in  Algorithm,sell,-0.5060000000000002
2018-04-03 17:00:00,2018-04-04 00:09:50,25790.0,# in  Algorithm,sell,-0.5089999999999861
2018-04-04 10:00:00,2018-04-04 16:49:50,24590.0,# in  Algorithm,buy,-0.5049999999999955
2018-04-04 23:00:00,2018-04-05 03:24:30,15870.0,# in  Algorithm,buy,0.5039999999999907
2018-04-05 05:00:00,2018-04-06 08:06:10,97570.0,# in  Algorithm,buy,-0.5020000000000095
2018-04-06 10:00:00,2018-04-06 22:33:00,45180.0,# in  Algorithm,buy,0.5159999999999911
2018-04-06 23:00:00,2018-04-07 04:07:40,18460.0,# in  Algorithm,buy,-0.5040000000000191
2018-04-10 09:00:00,2018-04-10 11:21:00,8460.0,# in  Algorithm,buy,0.5130000000000052
2018-04-10 12:00:00,2018-04-11 00:18:20,44300.0,# in  Algorithm,buy,0.5009999999999764
2018-04-11 01:00:00,2018-04-11 20:23:30,69810.0,# in  Algorithm,buy,-0.5579999999999927
2018-04-11 21:00:00,2018-04-11 23:28:10,8890.0,# in  Algorithm,buy,0.5060000000000002
2018-04-12 00:00:00,2018-04-12 20:07:20,72440.0,# in  Algorithm,buy,0.5020000000000095
2018-04-12 23:00:00,2018-04-13 09:55:10,39310.0,# in  Algorithm,sell,-0.507000000000005
2018-04-13 11:00:00,2018-04-13 16:05:00,18300.0,# in  Algorithm,buy,0.51400000000001
2018-04-13 17:00:00,2018-04-13 23:31:30,23490.0,# in  Algorithm,buy,-0.5049999999999955
2018-04-14 00:00:00,2018-04-14 05:00:00,18000.0,# in  Algorithm,buy,-0.27000000000001023
2018-04-17 09:00:00,2018-04-18 01:01:30,57690.0,# in  Algorithm,buy,-0.5109999999999957
2018-04-18 05:00:00,2018-04-18 11:03:30,21810.0,# in  Algorithm,buy,0.5060000000000002
2018-04-18 12:00:00,2018-04-18 17:30:20,19820.0,# in  Algorithm,sell,0.5609999999999786
2018-04-18 18:00:00,2018-04-19 19:44:20,92660.0,# in  Algorithm,sell,-0.5629999999999882
2018-04-19 20:00:00,2018-04-20 02:08:20,22100.0,# in  Algorithm,sell,0.5160000000000196
2018-04-20 04:00:00,2018-04-20 10:58:50,25130.0,# in  Algorithm,sell,-0.5029999999999859
2018-04-20 13:00:00,2018-04-20 16:32:40,12760.0,# in  Algorithm,sell,0.5049999999999955
2018-04-20 17:00:00,2018-04-20 19:36:40,9400.0,# in  Algorithm,sell,-0.507000000000005
2018-04-20 20:00:00,2018-04-21 00:10:30,15030.0,# in  Algorithm,sell,0.5160000000000196
2018-04-21 01:00:00,2018-04-21 05:00:00,14400.0,# in  Algorithm,sell,0.16599999999999682
2018-04-24 09:00:00,2018-04-24 21:45:20,45920.0,# in  Algorithm,buy,0.5219999999999914
2018-04-24 22:00:00,2018-04-26 21:35:50,171350.0,# in  Algorithm,buy,0.5759999999999934
2018-04-26 22:00:00,2018-04-27 00:30:20,9020.0,# in  Algorithm,buy,-0.7369999999999948
2018-04-27 02:00:00,2018-04-27 17:30:20,55820.0,# in  Algorithm,buy,-0.86099999999999
2018-04-27 19:00:00,2018-04-28 01:21:10,22870.0,# in  Algorithm,sell,0.5019999999999811
2018-04-28 02:00:00,2018-04-28 05:00:00,10800.0,# in  Algorithm,sell,-0.04600000000002069
2018-05-01 08:00:00,2018-05-01 17:40:40,34840.0,# in  Algorithm,sell,0.5229999999999961
2018-05-01 19:00:00,2018-05-01 22:25:30,12330.0,# in  Algorithm,sell,0.5010000000000048
2018-05-02 00:00:00,2018-05-02 16:38:30,59910.0,# in  Algorithm,sell,-0.5020000000000095
2018-05-02 18:00:00,2018-05-03 03:59:20,35960.0,# in  Algorithm,sell,0.5200000000000102
2018-05-03 09:00:00,2018-05-03 20:42:00,42120.0,# in  Algorithm,sell,0.5020000000000095
2018-05-03 21:00:00,2018-05-03 23:38:20,9500.0,# in  Algorithm,sell,0.5080000000000098
2018-05-04 01:00:00,2018-05-04 21:40:50,74450.0,# in  Algorithm,sell,0.5010000000000048
2018-05-04 23:00:00,2018-05-05 05:00:00,21600.0,# in  Algorithm,sell,-0.22800000000000864
2018-05-08 11:00:00,2018-05-08 17:01:20,21680.0,# in  Algorithm,buy,-0.507000000000005
2018-05-08 22:00:00,2018-05-09 01:18:50,11930.0,# in  Algorithm,buy,0.5010000000000048
2018-05-09 03:00:00,2018-05-09 10:00:20,25220.0,# in  Algorithm,buy,0.5050000000000239
2018-05-09 11:00:00,2018-05-09 20:03:30,32610.0,# in  Algorithm,buy,0.5020000000000095
2018-05-09 22:00:00,2018-05-10 02:17:00,15420.0,# in  Algorithm,buy,-0.5020000000000095
2018-05-10 05:00:00,2018-05-10 16:36:00,41760.0,# in  Algorithm,buy,0.5010000000000048
2018-05-10 17:00:00,2018-05-10 20:03:10,10990.0,# in  Algorithm,buy,-0.5010000000000048
2018-05-11 03:00:00,2018-05-11 21:53:50,68030.0,# in  Algorithm,buy,0.5129999999999768
2018-05-12 00:00:00,2018-05-12 05:00:00,18000.0,# in  Algorithm,sell,0.1869999999999834
2018-05-15 07:00:00,2018-05-16 21:53:20,140000.0,# in  Algorithm,buy,-0.5079999999999814
2018-05-16 22:00:00,2018-05-16 23:01:00,3660.0,# in  Algorithm,buy,0.5180000000000007
2018-05-17 01:00:00,2018-05-17 07:11:50,22310.0,# in  Algorithm,buy,0.5010000000000048
2018-05-17 11:00:00,2018-05-18 10:14:10,83650.0,# in  Algorithm,sell,-0.507000000000005
2018-05-18 11:00:00,2018-05-18 22:11:00,40260.0,# in  Algorithm,buy,-0.5020000000000095
2018-05-18 23:00:00,2018-05-19 05:00:00,21600.0,# in  Algorithm,buy,-0.09899999999998954
2018-05-22 12:00:00,2018-05-22 16:12:20,15140.0,# in  Algorithm,sell,-0.5130000000000052
2018-05-22 19:00:00,2018-05-22 23:45:30,17130.0,# in  Algorithm,sell,0.5049999999999955
2018-05-23 01:00:00,2018-05-23 10:20:40,33640.0,# in  Algorithm,sell,0.5030000000000143
2018-05-23 11:00:00,2018-05-23 15:59:50,17990.0,# in  Algorithm,sell,0.5039999999999907
2018-05-23 17:00:00,2018-05-23 17:31:20,1880.0,# in  Algorithm,sell,0.5450000000000159
2018-05-23 18:00:00,2018-05-23 18:42:30,2550.0,# in  Algorithm,sell,0.5109999999999957
2018-05-23 19:00:00,2018-05-23 22:28:40,12520.0,# in  Algorithm,sell,-0.5029999999999859
2018-05-23 23:00:00,2018-05-24 10:30:00,41400.0,# in  Algorithm,sell,0.5029999999999859
2018-05-24 11:00:00,2018-05-24 17:21:50,22910.0,# in  Algorithm,sell,-0.5100000000000193
2018-05-24 21:00:00,2018-05-24 22:33:30,5610.0,# in  Algorithm,sell,0.5109999999999957
2018-05-25 00:00:00,2018-05-25 01:57:10,7030.0,# in  Algorithm,sell,-0.5060000000000002
2018-05-25 04:00:00,2018-05-25 20:58:30,61110.0,# in  Algorithm,sell,0.5220000000000198
2018-05-25 22:00:00,2018-05-25 22:44:10,2650.0,# in  Algorithm,sell,0.5270000000000152
2018-05-25 23:00:00,2018-05-26 05:00:00,21600.0,# in  Algorithm,sell,-0.38399999999998613
2018-05-29 11:00:00,2018-05-29 15:40:30,16830.0,# in  Algorithm,buy,-0.5169999999999959
2018-05-29 20:00:00,2018-05-29 21:51:40,6700.0,# in  Algorithm,buy,0.5180000000000007
2018-05-29 22:00:00,2018-05-30 00:20:10,8410.0,# in  Algorithm,buy,-0.507000000000005
2018-05-30 02:00:00,2018-05-30 03:05:50,3950.0,# in  Algorithm,buy,-0.5040000000000191
2018-05-30 08:00:00,2018-05-30 15:58:20,28700.0,# in  Algorithm,sell,-0.5030000000000143
2018-05-30 16:00:00,2018-05-30 21:15:10,18910.0,# in  Algorithm,sell,-0.5380000000000109
2018-05-30 23:00:00,2018-05-31 09:12:40,36760.0,# in  Algorithm,sell,0.5030000000000143
2018-05-31 11:00:00,2018-05-31 14:47:20,13640.0,# in  Algorithm,buy,0.5040000000000191
2018-05-31 15:00:00,2018-05-31 22:29:40,26980.0,# in  Algorithm,buy,-0.5169999999999959
2018-05-31 23:00:00,2018-05-31 23:44:40,2680.0,# in  Algorithm,buy,0.5089999999999861
2018-06-01 01:00:00,2018-06-01 10:18:00,33480.0,# in  Algorithm,buy,0.5130000000000052
2018-06-01 11:00:00,2018-06-01 18:47:50,28070.0,# in  Algorithm,buy,0.5080000000000098
2018-06-01 20:00:00,2018-06-01 21:43:10,6190.0,# in  Algorithm,buy,0.5339999999999918
2018-06-01 22:00:00,2018-06-02 05:00:00,25200.0,# in  Algorithm,buy,0.18700000000001182
2018-06-05 08:00:00,2018-06-05 17:37:50,34670.0,# in  Algorithm,buy,0.5050000000000239
2018-06-05 18:00:00,2018-06-06 08:38:20,52700.0,# in  Algorithm,buy,0.5050000000000239
2018-06-06 09:00:00,2018-06-06 16:23:00,26580.0,# in  Algorithm,buy,0.5219999999999914
2018-06-06 17:00:00,2018-06-07 20:41:10,99670.0,# in  Algorithm,buy,-0.5240000000000009
2018-06-07 21:00:00,2018-06-08 00:37:10,13030.0,# in  Algorithm,buy,0.5169999999999959
2018-06-08 02:00:00,2018-06-08 16:03:00,50580.0,# in  Algorithm,buy,-0.5099999999999909
2018-06-08 17:00:00,2018-06-08 19:47:20,10040.0,# in  Algorithm,sell,0.5100000000000193
2018-06-08 20:00:00,2018-06-08 21:24:50,5090.0,# in  Algorithm,sell,-0.5060000000000002
2018-06-08 22:00:00,2018-06-09 03:52:00,21120.0,# in  Algorithm,sell,-0.5029999999999859
2018-06-09 04:00:00,2018-06-09 05:00:00,3600.0,# in  Algorithm,sell,0.06999999999999318
2018-06-12 08:00:00,2018-06-12 17:04:50,32690.0,# in  Algorithm,buy,0.5150000000000148
2018-06-12 18:00:00,2018-06-12 22:32:30,16350.0,# in  Algorithm,buy,-0.5030000000000143
2018-06-12 23:00:00,2018-06-13 00:41:50,6110.0,# in  Algorithm,buy,0.5020000000000095
2018-06-13 01:00:00,2018-06-13 17:12:40,58360.0,# in  Algorithm,buy,-0.5030000000000143
2018-06-13 18:00:00,2018-06-14 21:59:10,100750.0,# in  Algorithm,buy,-0.5150000000000148
2018-06-14 22:00:00,2018-06-15 09:52:10,42730.0,# in  Algorithm,buy,-0.507000000000005
2018-06-15 10:00:00,2018-06-15 19:48:30,35310.0,# in  Algorithm,sell,-0.5109999999999957
2018-06-15 21:00:00,2018-06-16 05:00:00,28800.0,# in  Algorithm,sell,0.06999999999999318
2018-06-19 08:00:00,2018-06-19 10:53:40,10420.0,# in  Algorithm,sell,0.507000000000005
2018-06-19 12:00:00,2018-06-19 14:59:30,10770.0,# in  Algorithm,sell,0.5089999999999861
2018-06-19 15:00:00,2018-06-19 16:06:40,4000.0,# in  Algorithm,sell,0.5190000000000055
2018-06-19 17:00:00,2018-06-20 22:23:10,105790.0,# in  Algorithm,sell,-0.5010000000000048
2018-06-21 01:00:00,2018-06-21 17:44:20,60260.0,# in  Algorithm,sell,0.5130000000000052
2018-06-21 18:00:00,2018-06-21 20:00:20,7220.0,# in  Algorithm,buy,0.6380000000000052
2018-06-21 22:00:00,2018-06-22 02:29:20,16160.0,# in  Algorithm,buy,-0.5020000000000095
2018-06-22 03:00:00,2018-06-22 16:01:40,46900.0,# in  Algorithm,buy,0.5049999999999955
2018-06-22 17:00:00,2018-06-22 23:27:20,23240.0,# in  Algorithm,buy,-0.5060000000000002
2018-06-23 00:00:00,2018-06-23 05:00:00,18000.0,# in  Algorithm,buy,-0.07800000000000296
2018-06-26 15:00:00,2018-06-26 18:35:20,12920.0,# in  Algorithm,sell,0.5229999999999961
2018-06-26 19:00:00,2018-06-27 03:58:10,32290.0,# in  Algorithm,sell,-0.5039999999999907
2018-06-27 10:00:00,2018-06-27 17:04:10,25450.0,# in  Algorithm,sell,0.5049999999999955
2018-06-27 18:00:00,2018-06-27 20:45:40,9940.0,# in  Algorithm,sell,-0.5360000000000014
2018-06-27 21:00:00,2018-06-28 02:52:50,21170.0,# in  Algorithm,sell,0.5010000000000048
2018-06-28 05:00:00,2018-06-28 21:09:40,58180.0,# in  Algorithm,sell,0.5150000000000148
2018-06-28 23:00:00,2018-06-29 11:37:10,45430.0,# in  Algorithm,sell,-0.5099999999999909
2018-06-29 14:00:00,2018-06-29 17:30:20,12620.0,# in  Algorithm,sell,-0.5260000000000105
2018-06-29 20:00:00,2018-06-29 23:32:50,12770.0,# in  Algorithm,sell,-0.5099999999999909
2018-06-30 03:00:00,2018-06-30 05:00:00,7200.0,# in  Algorithm,sell,0.034000000000020236
2018-07-03 12:00:00,2018-07-03 16:01:10,14470.0,# in  Algorithm,sell,-0.5060000000000002
2018-07-03 22:00:00,2018-07-04 01:52:40,13960.0,# in  Algorithm,sell,0.5100000000000193
2018-07-04 02:00:00,2018-07-04 19:20:40,62440.0,# in  Algorithm,sell,-0.5039999999999907
2018-07-04 20:00:00,2018-07-05 16:08:00,72480.0,# in  Algorithm,buy,0.5010000000000048
2018-07-05 18:00:00,2018-07-07 05:00:00,126000.0,# in  Algorithm,buy,0.09899999999998954
2018-07-10 08:00:00,2018-07-10 16:51:00,31860.0,# in  Algorithm,buy,0.5109999999999957
2018-07-10 17:00:00,2018-07-11 07:16:40,51400.0,# in  Algorithm,buy,-0.5080000000000098
2018-07-11 12:00:00,2018-07-12 01:31:50,48710.0,# in  Algorithm,buy,0.5109999999999957
2018-07-12 02:00:00,2018-07-12 16:10:10,51010.0,# in  Algorithm,buy,0.5029999999999859
2018-07-12 17:00:00,2018-07-13 17:15:50,87350.0,# in  Algorithm,buy,-0.5169999999999959
2018-07-13 22:00:00,2018-07-14 00:26:20,8780.0,# in  Algorithm,buy,0.5420000000000016
2018-07-14 01:00:00,2018-07-14 05:00:00,14400.0,# in  Algorithm,buy,0.09999999999999432
2018-07-17 16:00:00,2018-07-17 21:32:30,19950.0,# in  Algorithm,sell,0.5010000000000048
2018-07-17 22:00:00,2018-07-18 02:43:10,16990.0,# in  Algorithm,sell,0.5330000000000155
2018-07-18 03:00:00,2018-07-18 17:30:10,52210.0,# in  Algorithm,sell,0.8610000000000184
2018-07-18 18:00:00,2018-07-19 17:32:00,84720.0,# in  Algorithm,sell,0.5180000000000007
2018-07-19 18:00:00,2018-07-20 02:08:10,29290.0,# in  Algorithm,sell,0.5200000000000102
2018-07-20 03:00:00,2018-07-21 05:00:00,93600.0,# in  Algorithm,sell,-0.13599999999999568
2018-07-24 09:00:00,2018-07-24 10:18:50,4730.0,# in  Algorithm,sell,0.539999999999992
2018-07-24 11:00:00,2018-07-25 01:13:30,51210.0,# in  Algorithm,sell,-0.5060000000000002
2018-07-25 02:00:00,2018-07-27 09:24:40,199480.0,# in  Algorithm,sell,0.5039999999999907
2018-07-27 10:00:00,2018-07-28 05:00:00,68400.0,# in  Algorithm,sell,0.07500000000001705
2018-07-31 10:00:00,2018-07-31 15:32:20,19940.0,# in  Algorithm,buy,0.5310000000000059
2018-07-31 16:00:00,2018-07-31 17:26:10,5170.0,# in  Algorithm,buy,0.5010000000000048
2018-07-31 18:00:00,2018-08-02 12:59:00,154740.0,# in  Algorithm,buy,-0.5010000000000048
2018-08-02 13:00:00,2018-08-02 20:47:00,28020.0,# in  Algorithm,sell,0.5810000000000173
2018-08-02 22:00:00,2018-08-03 22:07:20,86840.0,# in  Algorithm,sell,0.5120000000000005
2018-08-04 00:00:00,2018-08-04 05:00:00,18000.0,# in  Algorithm,sell,0.06299999999998818
2018-08-07 08:00:00,2018-08-08 16:16:40,116200.0,# in  Algorithm,sell,0.5030000000000143
2018-08-08 17:00:00,2018-08-08 19:31:50,9110.0,# in  Algorithm,sell,0.521000000000015
2018-08-08 20:00:00,2018-08-09 18:44:00,81840.0,# in  Algorithm,sell,-0.507000000000005
2018-08-09 20:00:00,2018-08-10 00:10:40,15040.0,# in  Algorithm,sell,0.5080000000000098
2018-08-10 05:00:00,2018-08-10 15:17:00,37020.0,# in  Algorithm,sell,0.5149999999999864
2018-08-10 16:00:00,2018-08-10 16:39:20,2360.0,# in  Algorithm,sell,0.5860000000000127
2018-08-10 17:00:00,2018-08-10 18:14:30,4470.0,# in  Algorithm,sell,-0.5019999999999811
2018-08-10 19:00:00,2018-08-10 22:27:00,12420.0,# in  Algorithm,sell,0.5420000000000016
2018-08-10 23:00:00,2018-08-11 04:19:10,19150.0,# in  Algorithm,sell,-0.507000000000005
2018-08-14 08:00:00,2018-08-14 15:18:30,26310.0,# in  Algorithm,sell,-0.5089999999999861
2018-08-14 16:00:00,2018-08-14 20:32:30,16350.0,# in  Algorithm,sell,0.5020000000000095
2018-08-14 22:00:00,2018-08-15 01:13:20,11600.0,# in  Algorithm,sell,0.5430000000000064
2018-08-15 02:00:00,2018-08-15 16:17:30,51450.0,# in  Algorithm,sell,-0.5060000000000002
2018-08-15 18:00:00,2018-08-15 20:29:40,8980.0,# in  Algorithm,sell,0.507000000000005
2018-08-15 21:00:00,2018-08-15 22:22:20,4940.0,# in  Algorithm,sell,0.5090000000000146
2018-08-15 23:00:00,2018-08-16 10:35:30,41730.0,# in  Algorithm,sell,-0.5339999999999918
2018-08-16 13:00:00,2018-08-16 21:59:30,32370.0,# in  Algorithm,sell,0.5019999999999811
2018-08-17 04:00:00,2018-08-17 19:01:00,54060.0,# in  Algorithm,sell,0.5150000000000148
2018-08-17 22:00:00,2018-08-18 03:54:40,21280.0,# in  Algorithm,buy,0.5139999999999816
2018-08-21 08:00:00,2018-08-21 12:50:40,17440.0,# in  Algorithm,buy,0.5330000000000155
2018-08-21 13:00:00,2018-08-21 22:49:00,35340.0,# in  Algorithm,buy,0.5079999999999814
2018-08-21 23:00:00,2018-08-22 03:15:00,15300.0,# in  Algorithm,buy,0.5120000000000005
2018-08-22 04:00:00,2018-08-23 19:49:50,143390.0,# in  Algorithm,buy,0.5150000000000148
2018-08-23 21:00:00,2018-08-25 05:00:00,115200.0,# in  Algorithm,buy,0.05700000000001637
2018-08-28 08:00:00,2018-08-29 22:57:50,140270.0,# in  Algorithm,buy,0.5229999999999961
2018-08-29 23:00:00,2018-08-29 23:45:30,2730.0,# in  Algorithm,sell,-0.5099999999999909
2018-08-30 04:00:00,2018-08-30 22:05:40,65140.0,# in  Algorithm,sell,0.5229999999999961
2018-08-31 00:00:00,2018-08-31 06:01:40,21700.0,# in  Algorithm,buy,-0.5459999999999923
2018-08-31 09:00:00,2018-08-31 20:33:50,41630.0,# in  Algorithm,sell,0.5120000000000005
2018-08-31 21:00:00,2018-09-01 05:00:00,28800.0,# in  Algorithm,sell,-0.1839999999999975
2018-09-04 09:00:00,2018-09-05 09:56:10,89770.0,# in  Algorithm,sell,-0.5170000000000243
2018-09-05 10:00:00,2018-09-05 15:53:00,21180.0,# in  Algorithm,buy,-0.5049999999999955
2018-09-05 19:00:00,2018-09-05 22:05:40,11140.0,# in  Algorithm,buy,0.5649999999999977
2018-09-05 23:00:00,2018-09-06 00:04:50,3890.0,# in  Algorithm,buy,-0.52800000000002
2018-09-06 02:00:00,2018-09-07 00:12:10,79930.0,# in  Algorithm,buy,-0.5049999999999955
2018-09-07 04:00:00,2018-09-07 08:37:20,16640.0,# in  Algorithm,buy,-0.5030000000000143
2018-09-07 10:00:00,2018-09-07 16:36:50,23810.0,# in  Algorithm,sell,-0.5019999999999811
2018-09-07 19:00:00,2018-09-07 19:47:00,2820.0,# in  Algorithm,sell,-0.5159999999999911
2018-09-07 22:00:00,2018-09-08 00:06:50,7610.0,# in  Algorithm,sell,-0.5589999999999975
2018-09-11 11:00:00,2018-09-11 16:17:50,19070.0,# in  Algorithm,buy,0.603999999999985
2018-09-11 17:00:00,2018-09-11 17:47:30,2850.0,# in  Algorithm,buy,-0.7959999999999923
2018-09-11 18:00:00,2018-09-11 20:58:50,10730.0,# in  Algorithm,buy,-0.5440000000000111
2018-09-12 00:00:00,2018-09-12 05:17:50,19070.0,# in  Algorithm,buy,0.5130000000000052
2018-09-12 08:00:00,2018-09-12 19:58:30,43110.0,# in  Algorithm,buy,-0.5100000000000193
2018-09-12 22:00:00,2018-09-13 00:19:20,8360.0,# in  Algorithm,buy,0.5180000000000007
2018-09-13 01:00:00,2018-09-13 18:06:40,61600.0,# in  Algorithm,buy,0.5230000000000246
2018-09-13 22:00:00,2018-09-13 22:50:40,3040.0,# in  Algorithm,sell,-0.5010000000000048
2018-09-14 04:00:00,2018-09-15 05:00:00,90000.0,# in  Algorithm,sell,0.36199999999999477
